<?xml version="1.0" encoding="UTF-8" ?>
<!-- This is a WordPress eXtended RSS file generated by WordPress as an export of your site. -->
<!-- It contains information about your site's posts, pages, comments, categories, and other content. -->
<!-- You may use this file to transfer that content from one site to another. -->
<!-- This file is not intended to serve as a complete backup of your site. -->

<!-- To import this information into a WordPress site follow these steps: -->
<!-- 1. Log in to that site as an administrator. -->
<!-- 2. Go to Tools: Import in the WordPress admin panel. -->
<!-- 3. Install the "WordPress" importer from the list. -->
<!-- 4. Activate & Run Importer. -->
<!-- 5. Upload this file using the form provided on that page. -->
<!-- 6. You will first be asked to map the authors in this export file to users -->
<!--    on the site. For each author, you may choose to map to an -->
<!--    existing user on the site or to create a new user. -->
<!-- 7. WordPress will then import each of the posts, pages, comments, categories, etc. -->
<!--    contained in this file into your site. -->

	<!-- generator="WordPress/6.8.2" created="2025-08-19 18:48" -->
<rss version="2.0"
	xmlns:excerpt="http://wordpress.org/export/1.2/excerpt/"
	xmlns:content="http://purl.org/rss/1.0/modules/content/"
	xmlns:wfw="http://wellformedweb.org/CommentAPI/"
	xmlns:dc="http://purl.org/dc/elements/1.1/"
	xmlns:wp="http://wordpress.org/export/1.2/"
>

<channel>
	<title>WPMigrate</title>
	<link>https://wpmigrate.cloudaccess.host</link>
	<description>A Demo site for Testing Migration</description>
	<pubDate>Tue, 19 Aug 2025 18:48:36 +0000</pubDate>
	<language>en-US</language>
	<wp:wxr_version>1.2</wp:wxr_version>
	<wp:base_site_url>https://wpmigrate.cloudaccess.host</wp:base_site_url>
	<wp:base_blog_url>https://wpmigrate.cloudaccess.host</wp:base_blog_url>

		<wp:author><wp:author_id>1</wp:author_id><wp:author_login><![CDATA[moujvlph]]></wp:author_login><wp:author_email><![CDATA[binaryrahul404@gmail.com]]></wp:author_email><wp:author_display_name><![CDATA[moujvlph]]></wp:author_display_name><wp:author_first_name><![CDATA[]]></wp:author_first_name><wp:author_last_name><![CDATA[]]></wp:author_last_name></wp:author>

		<wp:category>
		<wp:term_id>3</wp:term_id>
		<wp:category_nicename><![CDATA[technology]]></wp:category_nicename>
		<wp:category_parent><![CDATA[]]></wp:category_parent>
		<wp:cat_name><![CDATA[Technology]]></wp:cat_name>
	</wp:category>
		<wp:category>
		<wp:term_id>1</wp:term_id>
		<wp:category_nicename><![CDATA[uncategorized]]></wp:category_nicename>
		<wp:category_parent><![CDATA[]]></wp:category_parent>
		<wp:cat_name><![CDATA[Uncategorized]]></wp:cat_name>
	</wp:category>
			<wp:tag>
		<wp:term_id>4</wp:term_id>
		<wp:tag_slug><![CDATA[latest]]></wp:tag_slug>
		<wp:tag_name><![CDATA[latest]]></wp:tag_name>
	</wp:tag>
		<wp:tag>
		<wp:term_id>5</wp:term_id>
		<wp:tag_slug><![CDATA[models]]></wp:tag_slug>
		<wp:tag_name><![CDATA[models]]></wp:tag_name>
	</wp:tag>
			<wp:term>
		<wp:term_id>2</wp:term_id>
		<wp:term_taxonomy><![CDATA[wp_theme]]></wp:term_taxonomy>
		<wp:term_slug><![CDATA[astra]]></wp:term_slug>
		<wp:term_parent><![CDATA[]]></wp:term_parent>
		<wp:term_name><![CDATA[astra]]></wp:term_name>
	</wp:term>
		<wp:term>
		<wp:term_id>4</wp:term_id>
		<wp:term_taxonomy><![CDATA[post_tag]]></wp:term_taxonomy>
		<wp:term_slug><![CDATA[latest]]></wp:term_slug>
		<wp:term_parent><![CDATA[]]></wp:term_parent>
		<wp:term_name><![CDATA[latest]]></wp:term_name>
	</wp:term>
		<wp:term>
		<wp:term_id>5</wp:term_id>
		<wp:term_taxonomy><![CDATA[post_tag]]></wp:term_taxonomy>
		<wp:term_slug><![CDATA[models]]></wp:term_slug>
		<wp:term_parent><![CDATA[]]></wp:term_parent>
		<wp:term_name><![CDATA[models]]></wp:term_name>
	</wp:term>
		<wp:term>
		<wp:term_id>6</wp:term_id>
		<wp:term_taxonomy><![CDATA[nav_menu]]></wp:term_taxonomy>
		<wp:term_slug><![CDATA[tech]]></wp:term_slug>
		<wp:term_parent><![CDATA[]]></wp:term_parent>
		<wp:term_name><![CDATA[Tech]]></wp:term_name>
	</wp:term>
		<wp:term>
		<wp:term_id>3</wp:term_id>
		<wp:term_taxonomy><![CDATA[category]]></wp:term_taxonomy>
		<wp:term_slug><![CDATA[technology]]></wp:term_slug>
		<wp:term_parent><![CDATA[]]></wp:term_parent>
		<wp:term_name><![CDATA[Technology]]></wp:term_name>
	</wp:term>
		<wp:term>
		<wp:term_id>1</wp:term_id>
		<wp:term_taxonomy><![CDATA[category]]></wp:term_taxonomy>
		<wp:term_slug><![CDATA[uncategorized]]></wp:term_slug>
		<wp:term_parent><![CDATA[]]></wp:term_parent>
		<wp:term_name><![CDATA[Uncategorized]]></wp:term_name>
	</wp:term>
			<wp:term><wp:term_id>6</wp:term_id><wp:term_taxonomy>nav_menu</wp:term_taxonomy><wp:term_slug><![CDATA[tech]]></wp:term_slug><wp:term_name><![CDATA[Tech]]></wp:term_name>
</wp:term>

	<generator>https://wordpress.org/?v=6.8.2</generator>

		<item>
		<title><![CDATA[Hello world!]]></title>
		<link>https://wpmigrate.cloudaccess.host/?p=1</link>
		<pubDate>Tue, 05 Aug 2025 06:21:47 +0000</pubDate>
		<dc:creator><![CDATA[moujvlph]]></dc:creator>
		<guid isPermaLink="false">http://wpmigrate.cloudaccess.host/httpdocs/?p=1</guid>
		<description></description>
		<content:encoded><![CDATA[<!-- wp:paragraph -->
<p>Welcome to WordPress. This is your first post. Edit or delete it, then start writing!</p>
<!-- /wp:paragraph -->]]></content:encoded>
		<excerpt:encoded><![CDATA[]]></excerpt:encoded>
		<wp:post_id>1</wp:post_id>
		<wp:post_date><![CDATA[2025-08-05 06:21:47]]></wp:post_date>
		<wp:post_date_gmt><![CDATA[2025-08-05 06:21:47]]></wp:post_date_gmt>
		<wp:post_modified><![CDATA[2025-08-05 06:21:47]]></wp:post_modified>
		<wp:post_modified_gmt><![CDATA[2025-08-05 06:21:47]]></wp:post_modified_gmt>
		<wp:comment_status><![CDATA[open]]></wp:comment_status>
		<wp:ping_status><![CDATA[open]]></wp:ping_status>
		<wp:post_name><![CDATA[hello-world]]></wp:post_name>
		<wp:status><![CDATA[publish]]></wp:status>
		<wp:post_parent>0</wp:post_parent>
		<wp:menu_order>0</wp:menu_order>
		<wp:post_type><![CDATA[post]]></wp:post_type>
		<wp:post_password><![CDATA[]]></wp:post_password>
		<wp:is_sticky>0</wp:is_sticky>
										<category domain="category" nicename="uncategorized"><![CDATA[Uncategorized]]></category>
						</item>
					<item>
		<title><![CDATA[Navigation]]></title>
		<link>https://wpmigrate.cloudaccess.host/?p=4</link>
		<pubDate>Tue, 19 Aug 2025 09:47:07 +0000</pubDate>
		<dc:creator><![CDATA[]]></dc:creator>
		<guid isPermaLink="false">https://wpmigrate.cloudaccess.host/?p=4</guid>
		<description></description>
		<content:encoded><![CDATA[<!-- wp:page-list /-->]]></content:encoded>
		<excerpt:encoded><![CDATA[]]></excerpt:encoded>
		<wp:post_id>4</wp:post_id>
		<wp:post_date><![CDATA[2025-08-19 09:47:07]]></wp:post_date>
		<wp:post_date_gmt><![CDATA[2025-08-19 09:47:07]]></wp:post_date_gmt>
		<wp:post_modified><![CDATA[2025-08-19 09:47:07]]></wp:post_modified>
		<wp:post_modified_gmt><![CDATA[2025-08-19 09:47:07]]></wp:post_modified_gmt>
		<wp:comment_status><![CDATA[closed]]></wp:comment_status>
		<wp:ping_status><![CDATA[closed]]></wp:ping_status>
		<wp:post_name><![CDATA[navigation]]></wp:post_name>
		<wp:status><![CDATA[publish]]></wp:status>
		<wp:post_parent>0</wp:post_parent>
		<wp:menu_order>0</wp:menu_order>
		<wp:post_type><![CDATA[wp_navigation]]></wp:post_type>
		<wp:post_password><![CDATA[]]></wp:post_password>
		<wp:is_sticky>0</wp:is_sticky>
														</item>
					<item>
		<title><![CDATA[Auto Draft]]></title>
		<link>https://wpmigrate.cloudaccess.host/?p=5</link>
		<pubDate>Tue, 19 Aug 2025 11:09:29 +0000</pubDate>
		<dc:creator><![CDATA[]]></dc:creator>
		<guid isPermaLink="false">https://wpmigrate.cloudaccess.host/?p=5</guid>
		<description></description>
		<content:encoded><![CDATA[]]></content:encoded>
		<excerpt:encoded><![CDATA[]]></excerpt:encoded>
		<wp:post_id>5</wp:post_id>
		<wp:post_date><![CDATA[2025-08-19 11:09:29]]></wp:post_date>
		<wp:post_date_gmt><![CDATA[2025-08-19 11:09:29]]></wp:post_date_gmt>
		<wp:post_modified><![CDATA[2025-08-19 11:09:29]]></wp:post_modified>
		<wp:post_modified_gmt><![CDATA[2025-08-19 11:09:29]]></wp:post_modified_gmt>
		<wp:comment_status><![CDATA[open]]></wp:comment_status>
		<wp:ping_status><![CDATA[open]]></wp:ping_status>
		<wp:post_name><![CDATA[__trashed]]></wp:post_name>
		<wp:status><![CDATA[trash]]></wp:status>
		<wp:post_parent>0</wp:post_parent>
		<wp:menu_order>0</wp:menu_order>
		<wp:post_type><![CDATA[post]]></wp:post_type>
		<wp:post_password><![CDATA[]]></wp:post_password>
		<wp:is_sticky>0</wp:is_sticky>
										<category domain="category" nicename="uncategorized"><![CDATA[Uncategorized]]></category>
						<wp:postmeta>
		<wp:meta_key><![CDATA[_wp_trash_meta_status]]></wp:meta_key>
		<wp:meta_value><![CDATA[auto-draft]]></wp:meta_value>
		</wp:postmeta>
							<wp:postmeta>
		<wp:meta_key><![CDATA[_wp_trash_meta_time]]></wp:meta_key>
		<wp:meta_value><![CDATA[1755601769]]></wp:meta_value>
		</wp:postmeta>
							<wp:postmeta>
		<wp:meta_key><![CDATA[_wp_desired_post_slug]]></wp:meta_key>
		<wp:meta_value><![CDATA[]]></wp:meta_value>
		</wp:postmeta>
							</item>
					<item>
		<title><![CDATA[Understanding the Model Context Protocol (MCP)]]></title>
		<link>https://wpmigrate.cloudaccess.host/?p=12</link>
		<pubDate>Tue, 19 Aug 2025 10:07:28 +0000</pubDate>
		<dc:creator><![CDATA[moujvlph]]></dc:creator>
		<guid isPermaLink="false">https://wpmigrate.cloudaccess.host/?p=12</guid>
		<description></description>
		<content:encoded><![CDATA[<!-- wp:paragraph -->
<p></p>
<!-- /wp:paragraph -->

<!-- wp:heading -->
<h2 class="wp-block-heading">What is MCP?</h2>
<!-- /wp:heading -->

<!-- wp:paragraph -->
<p>The <strong>Model Context Protocol (MCP)</strong> is an open‑source, application‑layer standard introduced by Anthropic in November 2024, designed to standardize how large language models (LLMs) connect to external tools, systems, and data sources. It uses JSON‑RPC 2.0 for communication and supports multiple transport methods, enabling seamless interoperability between AI systems and tools.</p>
<!-- /wp:paragraph -->

<!-- wp:heading -->
<h2 class="wp-block-heading">Why Was MCP Created?</h2>
<!-- /wp:heading -->

<!-- wp:paragraph -->
<p>Traditional AI tool integration requires building custom connectors for each API. MCP solves this by acting like a universal “adapter”—much like USB‑C for AI—so developers can expose services via a single, reusable interface.</p>
<!-- /wp:paragraph -->

<!-- wp:heading -->
<h2 class="wp-block-heading">Core Architecture</h2>
<!-- /wp:heading -->

<!-- wp:paragraph -->
<p>MCP follows a clear client–server structure:</p>
<!-- /wp:paragraph -->

<!-- wp:list -->
<ul class="wp-block-list"><!-- wp:list-item -->
<li><strong>MCP Host</strong>: AI applications (e.g., Claude Desktop, IDEs) that coordinate the interactions.</li>
<!-- /wp:list-item -->

<!-- wp:list-item -->
<li><strong>MCP Client</strong>: Manages one‑to‑one connections between the host and each server.</li>
<!-- /wp:list-item -->

<!-- wp:list-item -->
<li><strong>MCP Server</strong>: Exposes tools, resources, and prompt templates from local or external data sources</li>
<!-- /wp:list-item --></ul>
<!-- /wp:list -->

<!-- wp:paragraph -->
<p>Communication is structured via JSON‑RPC 2.0 over transports like:</p>
<!-- /wp:paragraph -->

<!-- wp:list -->
<ul class="wp-block-list"><!-- wp:list-item -->
<li><strong>Stdio</strong>—for local, high‑speed IPC</li>
<!-- /wp:list-item -->

<!-- wp:list-item -->
<li><strong>Streamable HTTP</strong>—for remote communication with optional SSE and authentication support.</li>
<!-- /wp:list-item --></ul>
<!-- /wp:list -->

<!-- wp:paragraph -->
<p></p>
<!-- /wp:paragraph -->

<!-- wp:image {"id":14,"sizeSlug":"full","linkDestination":"none"} -->
<figure class="wp-block-image size-full"><img src="https://wpmigrate.cloudaccess.host/wp-content/uploads/2025/08/Screenshot-2025-06-26-160910.png" alt="" class="wp-image-14"/></figure>
<!-- /wp:image -->

<!-- wp:heading -->
<h2 class="wp-block-heading">Features &amp; Benefits</h2>
<!-- /wp:heading -->

<!-- wp:list -->
<ul class="wp-block-list"><!-- wp:list-item -->
<li><strong>Plug‑and‑play tool integration:</strong> Any MCP‐compliant tool can be discovered and invoked dynamically</li>
<!-- /wp:list-item -->

<!-- wp:list-item -->
<li><strong>Modularity:</strong> Decouples tool logic from AI agents and encourages reuse.</li>
<!-- /wp:list-item -->

<!-- wp:list-item -->
<li><strong>Dynamic discovery:</strong> AI can fetch available tools at runtime without hard‑coding.</li>
<!-- /wp:list-item -->

<!-- wp:list-item -->
<li><strong>Wide adoption:</strong> Embraced by OpenAI, Google DeepMind, Microsoft, and platforms like Replit and Sourcegraph.</li>
<!-- /wp:list-item -->

<!-- wp:list-item -->
<li><strong>Supports secure and user‑controlled access:</strong> Hosts can require explicit permissions before exposing sensitive data.</li>
<!-- /wp:list-item --></ul>
<!-- /wp:list -->

<!-- wp:heading -->
<h2 class="wp-block-heading">Security Considerations</h2>
<!-- /wp:heading -->

<!-- wp:paragraph -->
<p>Despite its versatility, MCP has revealed security challenges. Researchers have demonstrated attack vectors like prompt injection, tool poisoning, and malicious MCP servers that can exfiltrate data or execute harmful actions.</p>
<!-- /wp:paragraph -->

<!-- wp:paragraph -->
<p>On the defensive side, new solutions such as <strong>MCP‑Guard</strong> use static scanning, neural detection, and arbitration to block adversarial prompts—achieving over 96% detection accuracy.</p>
<!-- /wp:paragraph -->

<!-- wp:paragraph -->
<p></p>
<!-- /wp:paragraph -->]]></content:encoded>
		<excerpt:encoded><![CDATA[]]></excerpt:encoded>
		<wp:post_id>12</wp:post_id>
		<wp:post_date><![CDATA[2025-08-19 10:07:28]]></wp:post_date>
		<wp:post_date_gmt><![CDATA[2025-08-19 10:07:28]]></wp:post_date_gmt>
		<wp:post_modified><![CDATA[2025-08-19 10:07:28]]></wp:post_modified>
		<wp:post_modified_gmt><![CDATA[2025-08-19 10:07:28]]></wp:post_modified_gmt>
		<wp:comment_status><![CDATA[open]]></wp:comment_status>
		<wp:ping_status><![CDATA[open]]></wp:ping_status>
		<wp:post_name><![CDATA[understanding-the-model-context-protocol-mcp]]></wp:post_name>
		<wp:status><![CDATA[publish]]></wp:status>
		<wp:post_parent>0</wp:post_parent>
		<wp:menu_order>0</wp:menu_order>
		<wp:post_type><![CDATA[post]]></wp:post_type>
		<wp:post_password><![CDATA[]]></wp:post_password>
		<wp:is_sticky>0</wp:is_sticky>
										<category domain="post_tag" nicename="latest"><![CDATA[latest]]></category>
		<category domain="category" nicename="technology"><![CDATA[Technology]]></category>
						</item>
					<item>
		<title><![CDATA[Custom Styles]]></title>
		<link>https://wpmigrate.cloudaccess.host/?p=13</link>
		<pubDate>Tue, 19 Aug 2025 10:03:06 +0000</pubDate>
		<dc:creator><![CDATA[moujvlph]]></dc:creator>
		<guid isPermaLink="false">https://wpmigrate.cloudaccess.host/?p=13</guid>
		<description></description>
		<content:encoded><![CDATA[{"version": 3, "isGlobalStylesUserThemeJSON": true }]]></content:encoded>
		<excerpt:encoded><![CDATA[]]></excerpt:encoded>
		<wp:post_id>13</wp:post_id>
		<wp:post_date><![CDATA[2025-08-19 10:03:06]]></wp:post_date>
		<wp:post_date_gmt><![CDATA[2025-08-19 10:03:06]]></wp:post_date_gmt>
		<wp:post_modified><![CDATA[2025-08-19 10:03:06]]></wp:post_modified>
		<wp:post_modified_gmt><![CDATA[2025-08-19 10:03:06]]></wp:post_modified_gmt>
		<wp:comment_status><![CDATA[closed]]></wp:comment_status>
		<wp:ping_status><![CDATA[closed]]></wp:ping_status>
		<wp:post_name><![CDATA[wp-global-styles-astra]]></wp:post_name>
		<wp:status><![CDATA[publish]]></wp:status>
		<wp:post_parent>0</wp:post_parent>
		<wp:menu_order>0</wp:menu_order>
		<wp:post_type><![CDATA[wp_global_styles]]></wp:post_type>
		<wp:post_password><![CDATA[]]></wp:post_password>
		<wp:is_sticky>0</wp:is_sticky>
										<category domain="wp_theme" nicename="astra"><![CDATA[astra]]></category>
						</item>
					<item>
		<title><![CDATA[Screenshot-2025-06-26-160910]]></title>
		<link>https://wpmigrate.cloudaccess.host/?attachment_id=14</link>
		<pubDate>Tue, 19 Aug 2025 10:06:45 +0000</pubDate>
		<dc:creator><![CDATA[moujvlph]]></dc:creator>
		<guid isPermaLink="false">https://wpmigrate.cloudaccess.host/wp-content/uploads/2025/08/Screenshot-2025-06-26-160910.png</guid>
		<description></description>
		<content:encoded><![CDATA[]]></content:encoded>
		<excerpt:encoded><![CDATA[]]></excerpt:encoded>
		<wp:post_id>14</wp:post_id>
		<wp:post_date><![CDATA[2025-08-19 10:06:45]]></wp:post_date>
		<wp:post_date_gmt><![CDATA[2025-08-19 10:06:45]]></wp:post_date_gmt>
		<wp:post_modified><![CDATA[2025-08-19 10:06:45]]></wp:post_modified>
		<wp:post_modified_gmt><![CDATA[2025-08-19 10:06:45]]></wp:post_modified_gmt>
		<wp:comment_status><![CDATA[open]]></wp:comment_status>
		<wp:ping_status><![CDATA[closed]]></wp:ping_status>
		<wp:post_name><![CDATA[screenshot-2025-06-26-160910]]></wp:post_name>
		<wp:status><![CDATA[inherit]]></wp:status>
		<wp:post_parent>12</wp:post_parent>
		<wp:menu_order>0</wp:menu_order>
		<wp:post_type><![CDATA[attachment]]></wp:post_type>
		<wp:post_password><![CDATA[]]></wp:post_password>
		<wp:is_sticky>0</wp:is_sticky>
						<wp:attachment_url><![CDATA[https://wpmigrate.cloudaccess.host/wp-content/uploads/2025/08/Screenshot-2025-06-26-160910.png]]></wp:attachment_url>
											<wp:postmeta>
		<wp:meta_key><![CDATA[_wp_attached_file]]></wp:meta_key>
		<wp:meta_value><![CDATA[2025/08/Screenshot-2025-06-26-160910.png]]></wp:meta_value>
		</wp:postmeta>
							<wp:postmeta>
		<wp:meta_key><![CDATA[_wp_attachment_metadata]]></wp:meta_key>
		<wp:meta_value><![CDATA[a:6:{s:5:"width";i:915;s:6:"height";i:633;s:4:"file";s:40:"2025/08/Screenshot-2025-06-26-160910.png";s:8:"filesize";i:56587;s:5:"sizes";a:3:{s:6:"medium";a:5:{s:4:"file";s:40:"Screenshot-2025-06-26-160910-300x208.png";s:5:"width";i:300;s:6:"height";i:208;s:9:"mime-type";s:9:"image/png";s:8:"filesize";i:6696;}s:9:"thumbnail";a:5:{s:4:"file";s:40:"Screenshot-2025-06-26-160910-150x150.png";s:5:"width";i:150;s:6:"height";i:150;s:9:"mime-type";s:9:"image/png";s:8:"filesize";i:3326;}s:12:"medium_large";a:5:{s:4:"file";s:40:"Screenshot-2025-06-26-160910-768x531.png";s:5:"width";i:768;s:6:"height";i:531;s:9:"mime-type";s:9:"image/png";s:8:"filesize";i:24504;}}s:10:"image_meta";a:12:{s:8:"aperture";s:1:"0";s:6:"credit";s:0:"";s:6:"camera";s:0:"";s:7:"caption";s:0:"";s:17:"created_timestamp";s:1:"0";s:9:"copyright";s:0:"";s:12:"focal_length";s:1:"0";s:3:"iso";s:1:"0";s:13:"shutter_speed";s:1:"0";s:5:"title";s:0:"";s:11:"orientation";s:1:"0";s:8:"keywords";a:0:{}}}]]></wp:meta_value>
		</wp:postmeta>
							</item>
					<item>
		<title><![CDATA[OpenAI’s GPT‑OSS Open‑Weight Models]]></title>
		<link>https://wpmigrate.cloudaccess.host/?page_id=18</link>
		<pubDate>Tue, 19 Aug 2025 10:17:14 +0000</pubDate>
		<dc:creator><![CDATA[moujvlph]]></dc:creator>
		<guid isPermaLink="false">https://wpmigrate.cloudaccess.host/?page_id=18</guid>
		<description></description>
		<content:encoded><![CDATA[<!-- wp:heading {"level":1} -->
<h1 class="wp-block-heading">Open‑Weight Future: Exploring OpenAI’s GPT‑OSS Models</h1>
<!-- /wp:heading -->

<!-- wp:heading -->
<h2 class="wp-block-heading">What Are GPT‑OSS Models?</h2>
<!-- /wp:heading -->

<!-- wp:paragraph -->
<p>GPT‑OSS refers to OpenAI's newly released open‑weight language models—gpt‑oss‑120b and gpt‑oss‑20b—marking its first public‑weight offerings since GPT‑2. These models are available under an Apache 2.0 license, enabling developers to download, modify, and deploy them freely.</p>
<!-- /wp:paragraph -->

<!-- wp:image {"id":19,"sizeSlug":"full","linkDestination":"none"} -->
<figure class="wp-block-image size-full"><img src="https://wpmigrate.cloudaccess.host/wp-content/uploads/2025/08/What-Is-GPT-OSS.webp" alt="" class="wp-image-19"/></figure>
<!-- /wp:image -->

<!-- wp:heading -->
<h2 class="wp-block-heading">Model Specifications</h2>
<!-- /wp:heading -->

<!-- wp:table -->
<figure class="wp-block-table"><table class="has-fixed-layout"><tbody><tr><th>Model</th><th>Total Params</th><th>Active Params / Token</th><th>Experts / Active Experts</th><th>Layers</th><th>Context Window</th><th>Hardware Req.</th></tr><tr><td>gpt‑oss‑120b</td><td>~117B</td><td>~5.1B</td><td>128 / 4</td><td>36</td><td>128K tokens</td><td>~80 GB GPU</td></tr><tr><td>gpt‑oss‑20b</td><td>~21B</td><td>~3.6B</td><td>32 / 4</td><td>24</td><td>128K tokens</td><td>~16 GB GPU</td></tr></tbody></table></figure>
<!-- /wp:table -->

<!-- wp:heading -->
<h2 class="wp-block-heading">Architecture &amp; Key Features</h2>
<!-- /wp:heading -->

<!-- wp:list -->
<ul class="wp-block-list"><!-- wp:list-item -->
<li><strong>Mixture-of-Experts (MoE):</strong> Efficient inference by activating only a fraction of the model per token.</li>
<!-- /wp:list-item -->

<!-- wp:list-item -->
<li><strong>Grouped Multi-Query Attention:</strong> Optimizes memory and speed.</li>
<!-- /wp:list-item -->

<!-- wp:list-item -->
<li><strong>Rotary Positional Embedding (RoPE):</strong> Enhances context handling.</li>
<!-- /wp:list-item -->

<!-- wp:list-item -->
<li><strong>128K Context Length:</strong> Supports long-form inputs like entire books.</li>
<!-- /wp:list-item -->

<!-- wp:list-item -->
<li><strong>Chain-of-Thought (CoT):</strong> Enables multi-step reasoning; configurable intensity (low/medium/high).</li>
<!-- /wp:list-item --></ul>
<!-- /wp:list -->

<!-- wp:heading -->
<h2 class="wp-block-heading">Compatibility &amp; Licensing</h2>
<!-- /wp:heading -->

<!-- wp:list -->
<ul class="wp-block-list"><!-- wp:list-item -->
<li>Released under Apache 2.0—completely open and permissive.</li>
<!-- /wp:list-item -->

<!-- wp:list-item -->
<li>Compatible with frameworks like Transformers, ONNX Runtime, vLLM, Ollama, Azure, AWS, and more.</li>
<!-- /wp:list-item -->

<!-- wp:list-item -->
<li>Supports quantization using MXFP4 for reduced memory use.</li>
<!-- /wp:list-item --></ul>
<!-- /wp:list -->

<!-- wp:heading -->
<h2 class="wp-block-heading">Performance</h2>
<!-- /wp:heading -->

<!-- wp:paragraph -->
<p>Benchmarks show that:</p>
<!-- /wp:paragraph -->

<!-- wp:list -->
<ul class="wp-block-list"><!-- wp:list-item -->
<li><strong>120 B model:</strong> Matches or exceeds OpenAI’s proprietary o4-mini in math, coding, and tool-based tasks.</li>
<!-- /wp:list-item -->

<!-- wp:list-item -->
<li><strong>20 B model:</strong> Matches o3-mini performance while being dramatically lighter.</li>
<!-- /wp:list-item -->

<!-- wp:list-item -->
<li>Surprisingly, the smaller 20B variant often outperforms the 120B version in certain real-world coding and general reasoning tasks.</li>
<!-- /wp:list-item --></ul>
<!-- /wp:list -->

<!-- wp:heading -->
<h2 class="wp-block-heading">Safety &amp; Openness</h2>
<!-- /wp:heading -->

<!-- wp:list -->
<ul class="wp-block-list"><!-- wp:list-item -->
<li>Underwent rigorous safety evaluations; adversarial fine-tuning did not elevate risk levels in cyber or bio domains.</li>
<!-- /wp:list-item -->

<!-- wp:list-item -->
<li>Supports full Chain-of-Thought—visible and auditable reasoning paths.</li>
<!-- /wp:list-item -->

<!-- wp:list-item -->
<li>Open access democratizes AI while also placing trust and governance in developer hands.</li>
<!-- /wp:list-item --></ul>
<!-- /wp:list -->

<!-- wp:paragraph -->
<p>Visit OpenAI’s model card page or explore on Hugging Face to get started with GPT‑OSS today!</p>
<!-- /wp:paragraph -->

<!-- wp:paragraph -->
<p></p>
<!-- /wp:paragraph -->]]></content:encoded>
		<excerpt:encoded><![CDATA[]]></excerpt:encoded>
		<wp:post_id>18</wp:post_id>
		<wp:post_date><![CDATA[2025-08-19 10:17:14]]></wp:post_date>
		<wp:post_date_gmt><![CDATA[2025-08-19 10:17:14]]></wp:post_date_gmt>
		<wp:post_modified><![CDATA[2025-08-19 10:17:14]]></wp:post_modified>
		<wp:post_modified_gmt><![CDATA[2025-08-19 10:17:14]]></wp:post_modified_gmt>
		<wp:comment_status><![CDATA[closed]]></wp:comment_status>
		<wp:ping_status><![CDATA[closed]]></wp:ping_status>
		<wp:post_name><![CDATA[openais-gpt%e2%80%91oss-open%e2%80%91weight-models]]></wp:post_name>
		<wp:status><![CDATA[publish]]></wp:status>
		<wp:post_parent>0</wp:post_parent>
		<wp:menu_order>0</wp:menu_order>
		<wp:post_type><![CDATA[page]]></wp:post_type>
		<wp:post_password><![CDATA[]]></wp:post_password>
		<wp:is_sticky>0</wp:is_sticky>
														</item>
					<item>
		<title><![CDATA[What-Is-GPT-OSS]]></title>
		<link>https://wpmigrate.cloudaccess.host/?attachment_id=19</link>
		<pubDate>Tue, 19 Aug 2025 10:16:35 +0000</pubDate>
		<dc:creator><![CDATA[moujvlph]]></dc:creator>
		<guid isPermaLink="false">https://wpmigrate.cloudaccess.host/wp-content/uploads/2025/08/What-Is-GPT-OSS.webp</guid>
		<description></description>
		<content:encoded><![CDATA[]]></content:encoded>
		<excerpt:encoded><![CDATA[]]></excerpt:encoded>
		<wp:post_id>19</wp:post_id>
		<wp:post_date><![CDATA[2025-08-19 10:16:35]]></wp:post_date>
		<wp:post_date_gmt><![CDATA[2025-08-19 10:16:35]]></wp:post_date_gmt>
		<wp:post_modified><![CDATA[2025-08-19 10:16:35]]></wp:post_modified>
		<wp:post_modified_gmt><![CDATA[2025-08-19 10:16:35]]></wp:post_modified_gmt>
		<wp:comment_status><![CDATA[open]]></wp:comment_status>
		<wp:ping_status><![CDATA[closed]]></wp:ping_status>
		<wp:post_name><![CDATA[what-is-gpt-oss]]></wp:post_name>
		<wp:status><![CDATA[inherit]]></wp:status>
		<wp:post_parent>18</wp:post_parent>
		<wp:menu_order>0</wp:menu_order>
		<wp:post_type><![CDATA[attachment]]></wp:post_type>
		<wp:post_password><![CDATA[]]></wp:post_password>
		<wp:is_sticky>0</wp:is_sticky>
						<wp:attachment_url><![CDATA[https://wpmigrate.cloudaccess.host/wp-content/uploads/2025/08/What-Is-GPT-OSS.webp]]></wp:attachment_url>
											<wp:postmeta>
		<wp:meta_key><![CDATA[_wp_attached_file]]></wp:meta_key>
		<wp:meta_value><![CDATA[2025/08/What-Is-GPT-OSS.webp]]></wp:meta_value>
		</wp:postmeta>
							<wp:postmeta>
		<wp:meta_key><![CDATA[_wp_attachment_metadata]]></wp:meta_key>
		<wp:meta_value><![CDATA[a:6:{s:5:"width";i:1024;s:6:"height";i:512;s:4:"file";s:28:"2025/08/What-Is-GPT-OSS.webp";s:8:"filesize";i:10240;s:5:"sizes";a:3:{s:6:"medium";a:5:{s:4:"file";s:28:"What-Is-GPT-OSS-300x150.webp";s:5:"width";i:300;s:6:"height";i:150;s:9:"mime-type";s:10:"image/webp";s:8:"filesize";i:2908;}s:9:"thumbnail";a:5:{s:4:"file";s:28:"What-Is-GPT-OSS-150x150.webp";s:5:"width";i:150;s:6:"height";i:150;s:9:"mime-type";s:10:"image/webp";s:8:"filesize";i:2128;}s:12:"medium_large";a:5:{s:4:"file";s:28:"What-Is-GPT-OSS-768x384.webp";s:5:"width";i:768;s:6:"height";i:384;s:9:"mime-type";s:10:"image/webp";s:8:"filesize";i:7998;}}s:10:"image_meta";a:12:{s:8:"aperture";s:1:"0";s:6:"credit";s:0:"";s:6:"camera";s:0:"";s:7:"caption";s:0:"";s:17:"created_timestamp";s:1:"0";s:9:"copyright";s:0:"";s:12:"focal_length";s:1:"0";s:3:"iso";s:1:"0";s:13:"shutter_speed";s:1:"0";s:5:"title";s:0:"";s:11:"orientation";s:1:"0";s:8:"keywords";a:0:{}}}]]></wp:meta_value>
		</wp:postmeta>
							</item>
					<item>
		<title><![CDATA[The Future of Coding Agents &amp; Open‑Source]]></title>
		<link>https://wpmigrate.cloudaccess.host/?p=22</link>
		<pubDate>Tue, 19 Aug 2025 10:27:17 +0000</pubDate>
		<dc:creator><![CDATA[moujvlph]]></dc:creator>
		<guid isPermaLink="false">https://wpmigrate.cloudaccess.host/?p=22</guid>
		<description></description>
		<content:encoded><![CDATA[<!-- wp:paragraph -->
<p>Coding agents are evolving from autocomplete sidekicks into autonomous collaborators that plan, build, test, and ship software. In parallel, open‑source weights are reshaping who gets to innovate, how fast we move, and the economics of developer tools. Here’s what’s coming—and how to prepare.</p>
<!-- /wp:paragraph -->

<!-- wp:heading -->
<h2 class="wp-block-heading">What are coding agents?</h2>
<!-- /wp:heading -->

<!-- wp:paragraph -->
<p>Coding agents extend beyond token‑level completion. They <em>observe</em> your repo and tools, <em>reason</em> about tasks, <em>act</em> across the toolchain, and <em>reflect</em> on outcomes. Think of them as orchestration layers that coordinate models, linters, build systems, package managers, and test runners to deliver working software.</p>
<!-- /wp:paragraph -->

<!-- wp:paragraph -->
<p><strong>From assistive to autonomous:</strong> autocomplete → chat copilots → task‑level agents → release‑capable systems with CI/CD hooks and policy‑aware approvals.</p>
<!-- /wp:paragraph -->

<!-- wp:image {"id":25,"sizeSlug":"large","linkDestination":"none"} -->
<figure class="wp-block-image size-large"><img src="https://wpmigrate.cloudaccess.host/wp-content/uploads/2025/08/oss_models-1024x576.png" alt="" class="wp-image-25"/></figure>
<!-- /wp:image -->

<!-- wp:heading -->
<h2 class="wp-block-heading">Why open‑source weights matter</h2>
<!-- /wp:heading -->

<!-- wp:paragraph -->
<p>Open‑source weights democratize iteration. Teams can fine‑tune locally, audit behavior, and run on sovereign or air‑gapped infrastructure. This reduces vendor lock‑in, lowers inference cost at scale, and invites a faster‑moving ecosystem of adapters, tool use, and domain expertise.</p>
<!-- /wp:paragraph -->

<!-- wp:heading {"level":3} -->
<h3 class="wp-block-heading">Upsides</h3>
<!-- /wp:heading -->

<!-- wp:list -->
<ul class="wp-block-list"><!-- wp:list-item -->
<li>Customizable behavior and memory aligned to your codebase.</li>
<!-- /wp:list-item -->

<!-- wp:list-item -->
<li>Cost control via self‑hosting or hybrid serving.</li>
<!-- /wp:list-item -->

<!-- wp:list-item -->
<li>Security &amp; compliance with on‑prem / VPC deployments.</li>
<!-- /wp:list-item -->

<!-- wp:list-item -->
<li>Community‑driven evals, patches, and guardrails.</li>
<!-- /wp:list-item --></ul>
<!-- /wp:list -->

<!-- wp:heading {"level":3} -->
<h3 class="wp-block-heading">Tensions</h3>
<!-- /wp:heading -->

<!-- wp:list -->
<ul class="wp-block-list"><!-- wp:list-item -->
<li>Operational complexity: model serving, updates, drift.</li>
<!-- /wp:list-item -->

<!-- wp:list-item -->
<li>Quality variance across checkpoints and fine‑tunes.</li>
<!-- /wp:list-item -->

<!-- wp:list-item -->
<li>Licensing nuance for commercial redistribution.</li>
<!-- /wp:list-item -->

<!-- wp:list-item -->
<li>Need for robust red‑team and policy enforcement.</li>
<!-- /wp:list-item --></ul>
<!-- /wp:list -->

<!-- wp:heading -->
<h2 class="wp-block-heading">The capability curve</h2>
<!-- /wp:heading -->

<!-- wp:paragraph -->
<p>Expect a steady shift from “write a function” to “own a feature”:</p>
<!-- /wp:paragraph -->

<!-- wp:list {"ordered":true} -->
<ol class="wp-block-list"><!-- wp:list-item -->
<li><strong>2025:</strong> Reliable single‑PR changes with tests, guided by issue templates and repo maps.</li>
<!-- /wp:list-item -->

<!-- wp:list-item -->
<li><strong>2026:</strong> Multi‑repo refactors, schema migrations, and cross‑service coordination via planners.</li>
<!-- /wp:list-item -->

<!-- wp:list-item -->
<li><strong>2027+:</strong> Roadmap‑level execution: design → scaffold → implement → benchmark → deploy under human governance.</li>
<!-- /wp:list-item --></ol>
<!-- /wp:list -->

<!-- wp:heading -->
<h2 class="wp-block-heading">Anatomy of a modern agent</h2>
<!-- /wp:heading -->

<!-- wp:paragraph -->
<p>A pragmatic reference architecture many teams converge on:</p>
<!-- /wp:paragraph -->

<!-- wp:list -->
<ul class="wp-block-list"><!-- wp:list-item -->
<li><strong>Memory:</strong> hybrid RAG over code, issues, architecture notes.</li>
<!-- /wp:list-item -->

<!-- wp:list-item -->
<li><strong>Tools:</strong> editor ops, CLI, container builds, test runners, linters, package managers.</li>
<!-- /wp:list-item -->

<!-- wp:list-item -->
<li><strong>Evaluators:</strong> unit/integration tests, coverage gates, static &amp; supply‑chain checks.</li>
<!-- /wp:list-item -->

<!-- wp:list-item -->
<li><strong>Governance:</strong> policy rules for secrets, licenses, data boundaries, and approvals.</li>
<!-- /wp:list-item --></ul>
<!-- /wp:list -->

<!-- wp:heading -->
<h2 class="wp-block-heading">Benefits</h2>
<!-- /wp:heading -->

<!-- wp:list -->
<ul class="wp-block-list"><!-- wp:list-item -->
<li><strong>Throughput:</strong> parallel task execution across branches and services.</li>
<!-- /wp:list-item -->

<!-- wp:list-item -->
<li><strong>Quality:</strong> tests‑first generation with feedback‑driven retries.</li>
<!-- /wp:list-item -->

<!-- wp:list-item -->
<li><strong>Knowledge capture:</strong> codifies tribal knowledge as prompts, checklists, and evaluators.</li>
<!-- /wp:list-item -->

<!-- wp:list-item -->
<li><strong>Developer experience:</strong> reduces toil in scaffolding, migrations, and boilerplate.</li>
<!-- /wp:list-item --></ul>
<!-- /wp:list -->

<!-- wp:heading -->
<h2 class="wp-block-heading">Risks &amp; guardrails</h2>
<!-- /wp:heading -->

<!-- wp:list -->
<ul class="wp-block-list"><!-- wp:list-item -->
<li><strong>Spec drift:</strong> agents over‑optimize for passing tests while missing intent. Mitigate with design docs and traceable requirements.</li>
<!-- /wp:list-item -->

<!-- wp:list-item -->
<li><strong>Security:</strong> tool execution implies blast radius. Use sandboxing, allow‑lists, and ephemeral credentials.</li>
<!-- /wp:list-item -->

<!-- wp:list-item -->
<li><strong>Data leakage:</strong> strict context filters; prefer local inference for sensitive code.</li>
<!-- /wp:list-item -->

<!-- wp:list-item -->
<li><strong>Over‑automation:</strong> keep humans in the loop for design, migration plans, and approvals.</li>
<!-- /wp:list-item --></ul>
<!-- /wp:list -->

<!-- wp:paragraph -->
<p><strong>Rule of thumb:</strong> automate the <em>doing</em>; keep humans for the <em>deciding</em>.</p>
<!-- /wp:paragraph -->

<!-- wp:heading -->
<h2 class="wp-block-heading">Ecosystem shifts to watch</h2>
<!-- /wp:heading -->

<!-- wp:list -->
<ul class="wp-block-list"><!-- wp:list-item -->
<li><strong>Model plurality:</strong> specialized small models alongside generalists; routers pick the right one per task.</li>
<!-- /wp:list-item -->

<!-- wp:list-item -->
<li><strong>Open weights + adapters:</strong> thin task‑specific fine‑tunes shared like npm packages.</li>
<!-- /wp:list-item -->

<!-- wp:list-item -->
<li><strong>Eval culture:</strong> repo‑native evals (golden tests, perf budgets) replace generic leaderboards.</li>
<!-- /wp:list-item -->

<!-- wp:list-item -->
<li><strong>Policy‑aware CI:</strong> PRs include diffs, trace graphs, and risk reports auto‑generated by agents.</li>
<!-- /wp:list-item -->

<!-- wp:list-item -->
<li><strong>IDE as OS:</strong> editors expose agent APIs for navigation, edits, and previews with strong permissions.</li>
<!-- /wp:list-item --></ul>
<!-- /wp:list -->

<!-- wp:heading -->
<h2 class="wp-block-heading">Adoption playbook</h2>
<!-- /wp:heading -->

<!-- wp:list {"ordered":true} -->
<ol class="wp-block-list"><!-- wp:list-item -->
<li><strong>Inventory the work:</strong> list repetitive tasks (scaffolds, SDK bumps, churn areas).</li>
<!-- /wp:list-item -->

<!-- wp:list-item -->
<li><strong>Harden the rails:</strong> fast tests, clear coding standards, precommit hooks, reproducible dev envs.</li>
<!-- /wp:list-item -->

<!-- wp:list-item -->
<li><strong>Start narrow:</strong> pick one repo and one class of change (e.g., log sanitization, schema change).</li>
<!-- /wp:list-item -->

<!-- wp:list-item -->
<li><strong>Make evals first‑class:</strong> define success metrics and failure modes before enabling write access.</li>
<!-- /wp:list-item -->

<!-- wp:list-item -->
<li><strong>Hybrid serving:</strong> route sensitive work to open weights on local GPUs; burst to hosted when safe.</li>
<!-- /wp:list-item -->

<!-- wp:list-item -->
<li><strong>Document decisions:</strong> require agents to output design notes, tradeoffs, and rollback plans.</li>
<!-- /wp:list-item --></ol>
<!-- /wp:list -->

<!-- wp:heading -->
<h2 class="wp-block-heading">Roadmap: near &amp; mid‑term</h2>
<!-- /wp:heading -->

<!-- wp:heading {"level":3} -->
<h3 class="wp-block-heading">1–3 years</h3>
<!-- /wp:heading -->

<!-- wp:list -->
<ul class="wp-block-list"><!-- wp:list-item -->
<li>Agent PRs become routine for chores, upgrades, and small features.</li>
<!-- /wp:list-item -->

<!-- wp:list-item -->
<li>Common adapters emerge for frameworks, cloud SDKs, and testing stacks.</li>
<!-- /wp:list-item -->

<!-- wp:list-item -->
<li>Licensing clarity for open weights with standard policy profiles.</li>
<!-- /wp:list-item --></ul>
<!-- /wp:list -->

<!-- wp:heading {"level":3} -->
<h3 class="wp-block-heading">3–5 years</h3>
<!-- /wp:heading -->

<!-- wp:list -->
<ul class="wp-block-list"><!-- wp:list-item -->
<li>Release‑capable agents negotiate with other agents (SRE, QA) via policy and SLAs.</li>
<!-- /wp:list-item -->

<!-- wp:list-item -->
<li>Architecture‑level planning with cost/perf simulators before code is written.</li>
<!-- /wp:list-item -->

<!-- wp:list-item -->
<li>Education shifts to <em>systems thinking + verification</em> over memorizing APIs.</li>
<!-- /wp:list-item --></ul>
<!-- /wp:list -->

<!-- wp:heading -->
<h2 class="wp-block-heading">Conclusion</h2>
<!-- /wp:heading -->

<!-- wp:paragraph -->
<p>Coding agents will not replace developers; they will replace workflows that resist automation. Open‑source weights ensure this future is widely accessible, auditable, and adaptable. Teams that invest in tests, policy, and evaluators will compound the fastest. The rest will copy their playbooks—or be automated by them.</p>
<!-- /wp:paragraph -->

<!-- wp:paragraph -->
<p></p>
<!-- /wp:paragraph -->]]></content:encoded>
		<excerpt:encoded><![CDATA[]]></excerpt:encoded>
		<wp:post_id>22</wp:post_id>
		<wp:post_date><![CDATA[2025-08-19 10:27:17]]></wp:post_date>
		<wp:post_date_gmt><![CDATA[2025-08-19 10:27:17]]></wp:post_date_gmt>
		<wp:post_modified><![CDATA[2025-08-19 10:59:13]]></wp:post_modified>
		<wp:post_modified_gmt><![CDATA[2025-08-19 10:59:13]]></wp:post_modified_gmt>
		<wp:comment_status><![CDATA[open]]></wp:comment_status>
		<wp:ping_status><![CDATA[open]]></wp:ping_status>
		<wp:post_name><![CDATA[the-future-of-coding-agents-open%e2%80%91source]]></wp:post_name>
		<wp:status><![CDATA[publish]]></wp:status>
		<wp:post_parent>0</wp:post_parent>
		<wp:menu_order>0</wp:menu_order>
		<wp:post_type><![CDATA[post]]></wp:post_type>
		<wp:post_password><![CDATA[]]></wp:post_password>
		<wp:is_sticky>0</wp:is_sticky>
										<category domain="post_tag" nicename="models"><![CDATA[models]]></category>
		<category domain="category" nicename="technology"><![CDATA[Technology]]></category>
						</item>
					<item>
		<title><![CDATA[oss_models]]></title>
		<link>https://wpmigrate.cloudaccess.host/?attachment_id=25</link>
		<pubDate>Tue, 19 Aug 2025 10:33:45 +0000</pubDate>
		<dc:creator><![CDATA[moujvlph]]></dc:creator>
		<guid isPermaLink="false">https://wpmigrate.cloudaccess.host/wp-content/uploads/2025/08/oss_models.png</guid>
		<description></description>
		<content:encoded><![CDATA[]]></content:encoded>
		<excerpt:encoded><![CDATA[]]></excerpt:encoded>
		<wp:post_id>25</wp:post_id>
		<wp:post_date><![CDATA[2025-08-19 10:33:45]]></wp:post_date>
		<wp:post_date_gmt><![CDATA[2025-08-19 10:33:45]]></wp:post_date_gmt>
		<wp:post_modified><![CDATA[2025-08-19 10:33:45]]></wp:post_modified>
		<wp:post_modified_gmt><![CDATA[2025-08-19 10:33:45]]></wp:post_modified_gmt>
		<wp:comment_status><![CDATA[open]]></wp:comment_status>
		<wp:ping_status><![CDATA[closed]]></wp:ping_status>
		<wp:post_name><![CDATA[oss_models]]></wp:post_name>
		<wp:status><![CDATA[inherit]]></wp:status>
		<wp:post_parent>22</wp:post_parent>
		<wp:menu_order>0</wp:menu_order>
		<wp:post_type><![CDATA[attachment]]></wp:post_type>
		<wp:post_password><![CDATA[]]></wp:post_password>
		<wp:is_sticky>0</wp:is_sticky>
						<wp:attachment_url><![CDATA[https://wpmigrate.cloudaccess.host/wp-content/uploads/2025/08/oss_models.png]]></wp:attachment_url>
											<wp:postmeta>
		<wp:meta_key><![CDATA[_wp_attached_file]]></wp:meta_key>
		<wp:meta_value><![CDATA[2025/08/oss_models.png]]></wp:meta_value>
		</wp:postmeta>
							<wp:postmeta>
		<wp:meta_key><![CDATA[_wp_attachment_metadata]]></wp:meta_key>
		<wp:meta_value><![CDATA[a:6:{s:5:"width";i:1096;s:6:"height";i:617;s:4:"file";s:22:"2025/08/oss_models.png";s:8:"filesize";i:112781;s:5:"sizes";a:4:{s:6:"medium";a:5:{s:4:"file";s:22:"oss_models-300x169.png";s:5:"width";i:300;s:6:"height";i:169;s:9:"mime-type";s:9:"image/png";s:8:"filesize";i:10126;}s:5:"large";a:5:{s:4:"file";s:23:"oss_models-1024x576.png";s:5:"width";i:1024;s:6:"height";i:576;s:9:"mime-type";s:9:"image/png";s:8:"filesize";i:50935;}s:9:"thumbnail";a:5:{s:4:"file";s:22:"oss_models-150x150.png";s:5:"width";i:150;s:6:"height";i:150;s:9:"mime-type";s:9:"image/png";s:8:"filesize";i:5928;}s:12:"medium_large";a:5:{s:4:"file";s:22:"oss_models-768x432.png";s:5:"width";i:768;s:6:"height";i:432;s:9:"mime-type";s:9:"image/png";s:8:"filesize";i:34046;}}s:10:"image_meta";a:12:{s:8:"aperture";s:1:"0";s:6:"credit";s:0:"";s:6:"camera";s:0:"";s:7:"caption";s:0:"";s:17:"created_timestamp";s:1:"0";s:9:"copyright";s:0:"";s:12:"focal_length";s:1:"0";s:3:"iso";s:1:"0";s:13:"shutter_speed";s:1:"0";s:5:"title";s:0:"";s:11:"orientation";s:1:"0";s:8:"keywords";a:0:{}}}]]></wp:meta_value>
		</wp:postmeta>
							</item>
					<item>
		<title><![CDATA[]]></title>
		<link>https://wpmigrate.cloudaccess.host/?p=27</link>
		<pubDate>Tue, 19 Aug 2025 10:35:20 +0000</pubDate>
		<dc:creator><![CDATA[moujvlph]]></dc:creator>
		<guid isPermaLink="false">https://wpmigrate.cloudaccess.host/?p=27</guid>
		<description></description>
		<content:encoded><![CDATA[ ]]></content:encoded>
		<excerpt:encoded><![CDATA[]]></excerpt:encoded>
		<wp:post_id>27</wp:post_id>
		<wp:post_date><![CDATA[2025-08-19 10:37:22]]></wp:post_date>
		<wp:post_date_gmt><![CDATA[2025-08-19 10:35:20]]></wp:post_date_gmt>
		<wp:post_modified><![CDATA[2025-08-19 10:37:22]]></wp:post_modified>
		<wp:post_modified_gmt><![CDATA[2025-08-19 10:37:22]]></wp:post_modified_gmt>
		<wp:comment_status><![CDATA[closed]]></wp:comment_status>
		<wp:ping_status><![CDATA[closed]]></wp:ping_status>
		<wp:post_name><![CDATA[27]]></wp:post_name>
		<wp:status><![CDATA[publish]]></wp:status>
		<wp:post_parent>0</wp:post_parent>
		<wp:menu_order>1</wp:menu_order>
		<wp:post_type><![CDATA[nav_menu_item]]></wp:post_type>
		<wp:post_password><![CDATA[]]></wp:post_password>
		<wp:is_sticky>0</wp:is_sticky>
										<category domain="nav_menu" nicename="tech"><![CDATA[Tech]]></category>
						<wp:postmeta>
		<wp:meta_key><![CDATA[_menu_item_type]]></wp:meta_key>
		<wp:meta_value><![CDATA[taxonomy]]></wp:meta_value>
		</wp:postmeta>
							<wp:postmeta>
		<wp:meta_key><![CDATA[_menu_item_menu_item_parent]]></wp:meta_key>
		<wp:meta_value><![CDATA[0]]></wp:meta_value>
		</wp:postmeta>
							<wp:postmeta>
		<wp:meta_key><![CDATA[_menu_item_object_id]]></wp:meta_key>
		<wp:meta_value><![CDATA[3]]></wp:meta_value>
		</wp:postmeta>
							<wp:postmeta>
		<wp:meta_key><![CDATA[_menu_item_object]]></wp:meta_key>
		<wp:meta_value><![CDATA[category]]></wp:meta_value>
		</wp:postmeta>
							<wp:postmeta>
		<wp:meta_key><![CDATA[_menu_item_target]]></wp:meta_key>
		<wp:meta_value><![CDATA[]]></wp:meta_value>
		</wp:postmeta>
							<wp:postmeta>
		<wp:meta_key><![CDATA[_menu_item_classes]]></wp:meta_key>
		<wp:meta_value><![CDATA[a:1:{i:0;s:0:"";}]]></wp:meta_value>
		</wp:postmeta>
							<wp:postmeta>
		<wp:meta_key><![CDATA[_menu_item_xfn]]></wp:meta_key>
		<wp:meta_value><![CDATA[]]></wp:meta_value>
		</wp:postmeta>
							<wp:postmeta>
		<wp:meta_key><![CDATA[_menu_item_url]]></wp:meta_key>
		<wp:meta_value><![CDATA[]]></wp:meta_value>
		</wp:postmeta>
							</item>
				</channel>
</rss>
	